<?xml version="1.0" encoding="UTF-8"?>
<!-- Generated by org.testng.reporters.JUnitReportReporter -->
<testsuite hostname="LGMTR-PC" name="de.haw.practice2.practice.test.Practice2MainTest" tests="1" failures="0" timestamp="3 May 2016 13:12:41 GMT" time="1.163" errors="0">
  <testcase name="practiceMainTest" time="1.163" classname="de.haw.practice2.practice.test.Practice2MainTest"/>
</testsuite> <!-- de.haw.practice2.practice.test.Practice2MainTest -->
