<?xml version="1.0" encoding="UTF-8"?>
<!-- Generated by org.testng.reporters.JUnitReportReporter -->
<testsuite hostname="LGMTR-PC" name="de.haw.part2.test.RDFStatementTest" tests="1" failures="0" timestamp="12 Apr 2016 14:02:10 GMT" time="0.853" errors="0">
  <testcase name="readRDFFile" time="0.853" classname="de.haw.part2.test.RDFStatementTest"/>
</testsuite> <!-- de.haw.part2.test.RDFStatementTest -->
